[2019-03-06 15:20:40.692] [exthost] [info] extension host started
[2019-03-06 15:20:40.751] [exthost] [info] ExtensionService#_doActivateExtension vscode.debug-auto-launch {"startup":true,"activationEvent":"*"}
[2019-03-06 15:20:40.751] [exthost] [info] ExtensionService#loadCommonJSModule /usr/share/code/resources/app/extensions/debug-auto-launch/dist/extension
[2019-03-06 15:20:41.156] [exthost] [info] ExtensionService#_doActivateExtension vscode.emmet {"startup":true,"activationEvent":"*"}
[2019-03-06 15:20:41.156] [exthost] [info] ExtensionService#loadCommonJSModule /usr/share/code/resources/app/extensions/emmet/dist/extension
[2019-03-06 15:20:41.258] [exthost] [info] ExtensionService#_doActivateExtension vscode.git {"startup":true,"activationEvent":"*"}
[2019-03-06 15:20:41.258] [exthost] [info] ExtensionService#loadCommonJSModule /usr/share/code/resources/app/extensions/git/dist/main
[2019-03-06 15:20:41.821] [exthost] [info] ExtensionService#_doActivateExtension vscode.merge-conflict {"startup":true,"activationEvent":"*"}
[2019-03-06 15:20:41.821] [exthost] [info] ExtensionService#loadCommonJSModule /usr/share/code/resources/app/extensions/merge-conflict/dist/extension
[2019-03-06 15:20:42.001] [exthost] [info] ExtensionService#_doActivateExtension dbaeumer.vscode-eslint {"startup":true,"activationEvent":"*"}
[2019-03-06 15:20:42.001] [exthost] [info] ExtensionService#loadCommonJSModule /root/.vscode/extensions/dbaeumer.vscode-eslint-1.8.0/client/out/extension
[2019-03-06 15:20:42.998] [exthost] [info] ExtensionService#_doActivateExtension HookyQR.beautify {"startup":true,"activationEvent":"*"}
[2019-03-06 15:20:42.998] [exthost] [info] ExtensionService#loadCommonJSModule /root/.vscode/extensions/hookyqr.beautify-1.4.9/extension
[2019-03-06 15:20:43.463] [exthost] [info] ExtensionService#_doActivateExtension PKief.material-icon-theme {"startup":true,"activationEvent":"*"}
[2019-03-06 15:20:43.463] [exthost] [info] ExtensionService#loadCommonJSModule /root/.vscode/extensions/pkief.material-icon-theme-3.6.3/out/src/extension
[2019-03-06 15:20:43.629] [exthost] [info] ExtensionService#_doActivateExtension yzhang.markdown-all-in-one {"startup":true,"activationEvent":"workspaceContains:README.md"}
[2019-03-06 15:20:43.629] [exthost] [info] ExtensionService#loadCommonJSModule /root/.vscode/extensions/yzhang.markdown-all-in-one-2.1.0/out/src/extension
[2019-03-06 15:20:44.397] [exthost] [info] eager extensions activated
[2019-03-06 15:20:53.962] [exthost] [info] ExtensionService#_doActivateExtension vscode.configuration-editing {"startup":false,"activationEvent":"onLanguage:jsonc"}
[2019-03-06 15:20:53.962] [exthost] [info] ExtensionService#loadCommonJSModule /usr/share/code/resources/app/extensions/configuration-editing/dist/extension
[2019-03-06 15:20:54.018] [exthost] [info] ExtensionService#_doActivateExtension vscode.json-language-features {"startup":false,"activationEvent":"onLanguage:jsonc"}
[2019-03-06 15:20:54.018] [exthost] [info] ExtensionService#loadCommonJSModule /usr/share/code/resources/app/extensions/json-language-features/client/dist/jsonMain
[2019-03-06 15:20:54.310] [exthost] [info] ExtensionService#_doActivateExtension vscode.typescript-language-features {"startup":false,"activationEvent":"onLanguage:jsonc"}
[2019-03-06 15:20:54.310] [exthost] [info] ExtensionService#loadCommonJSModule /usr/share/code/resources/app/extensions/typescript-language-features/dist/extension
[2019-03-06 15:21:08.596] [exthost] [info] ExtensionService#_doActivateExtension vscode.extension-editing {"startup":false,"activationEvent":"onLanguage:markdown"}
[2019-03-06 15:21:08.596] [exthost] [info] ExtensionService#loadCommonJSModule /usr/share/code/resources/app/extensions/extension-editing/dist/extension
[2019-03-06 15:21:08.725] [exthost] [info] ExtensionService#_doActivateExtension vscode.markdown-language-features {"startup":false,"activationEvent":"onLanguage:markdown"}
[2019-03-06 15:21:08.725] [exthost] [info] ExtensionService#loadCommonJSModule /usr/share/code/resources/app/extensions/markdown-language-features/dist/extension
[2019-03-06 15:21:08.942] [exthost] [info] ExtensionService#_doActivateExtension DavidAnson.vscode-markdownlint {"startup":false,"activationEvent":"onLanguage:markdown"}
[2019-03-06 15:21:08.942] [exthost] [info] ExtensionService#loadCommonJSModule /root/.vscode/extensions/davidanson.vscode-markdownlint-0.25.0/extension
[2019-03-06 15:21:09.002] [exthost] [info] ExtensionService#_doActivateExtension yzane.markdown-pdf {"startup":false,"activationEvent":"onLanguage:markdown"}
[2019-03-06 15:21:09.002] [exthost] [info] ExtensionService#loadCommonJSModule /root/.vscode/extensions/yzane.markdown-pdf-1.2.0/extension
[2019-03-06 23:32:16.759] [exthost] [info] ExtensionService#_doActivateExtension ms-python.python {"startup":false,"activationEvent":"onLanguage:jupyter"}
[2019-03-06 23:32:16.759] [exthost] [info] ExtensionService#loadCommonJSModule /root/.vscode/extensions/ms-python.python-2019.2.5433/out/client/extension
[2019-03-06 23:32:58.664] [exthost] [info] ExtensionService#_doActivateExtension eamodio.gitlens {"startup":false,"activationEvent":"*"}
[2019-03-06 23:32:58.664] [exthost] [info] ExtensionService#loadCommonJSModule /root/.vscode/extensions/eamodio.gitlens-9.5.1/dist/extension
[2019-03-06 23:32:59.224] [exthost] [info] ExtensionService#_doActivateExtension vscode.html-language-features {"startup":false,"activationEvent":"onLanguage:html"}
[2019-03-06 23:32:59.224] [exthost] [info] ExtensionService#loadCommonJSModule /usr/share/code/resources/app/extensions/html-language-features/client/dist/htmlMain
[2019-03-06 23:32:59.464] [exthost] [info] ExtensionService#_doActivateExtension dbaeumer.jshint {"startup":false,"activationEvent":"onLanguage:html"}
[2019-03-06 23:32:59.464] [exthost] [info] ExtensionService#loadCommonJSModule /root/.vscode/extensions/dbaeumer.jshint-0.10.20/jshint/out/extension
[2019-03-06 23:33:10.888] [exthost] [info] extension host started
[2019-03-06 23:33:10.966] [exthost] [info] ExtensionService#_doActivateExtension vscode.debug-auto-launch {"startup":true,"activationEvent":"*"}
[2019-03-06 23:33:10.966] [exthost] [info] ExtensionService#loadCommonJSModule /usr/share/code/resources/app/extensions/debug-auto-launch/dist/extension
[2019-03-06 23:33:11.001] [exthost] [info] ExtensionService#_doActivateExtension vscode.emmet {"startup":true,"activationEvent":"*"}
[2019-03-06 23:33:11.002] [exthost] [info] ExtensionService#loadCommonJSModule /usr/share/code/resources/app/extensions/emmet/dist/extension
[2019-03-06 23:33:11.065] [exthost] [info] ExtensionService#_doActivateExtension vscode.git {"startup":true,"activationEvent":"*"}
[2019-03-06 23:33:11.065] [exthost] [info] ExtensionService#loadCommonJSModule /usr/share/code/resources/app/extensions/git/dist/main
[2019-03-06 23:33:11.298] [exthost] [info] ExtensionService#_doActivateExtension vscode.merge-conflict {"startup":true,"activationEvent":"*"}
[2019-03-06 23:33:11.298] [exthost] [info] ExtensionService#loadCommonJSModule /usr/share/code/resources/app/extensions/merge-conflict/dist/extension
[2019-03-06 23:33:11.357] [exthost] [info] ExtensionService#_doActivateExtension dbaeumer.vscode-eslint {"startup":true,"activationEvent":"*"}
[2019-03-06 23:33:11.357] [exthost] [info] ExtensionService#loadCommonJSModule /root/.vscode/extensions/dbaeumer.vscode-eslint-1.8.1/client/out/extension
[2019-03-06 23:33:11.442] [exthost] [info] ExtensionService#_doActivateExtension eamodio.gitlens {"startup":true,"activationEvent":"*"}
[2019-03-06 23:33:11.442] [exthost] [info] ExtensionService#loadCommonJSModule /root/.vscode/extensions/eamodio.gitlens-9.5.1/dist/extension
[2019-03-06 23:33:11.552] [exthost] [info] ExtensionService#_doActivateExtension HookyQR.beautify {"startup":true,"activationEvent":"*"}
[2019-03-06 23:33:11.552] [exthost] [info] ExtensionService#loadCommonJSModule /root/.vscode/extensions/hookyqr.beautify-1.4.9/extension
[2019-03-06 23:33:12.518] [exthost] [info] ExtensionService#_doActivateExtension PKief.material-icon-theme {"startup":true,"activationEvent":"*"}
[2019-03-06 23:33:12.518] [exthost] [info] ExtensionService#loadCommonJSModule /root/.vscode/extensions/pkief.material-icon-theme-3.6.3/out/src/extension
[2019-03-06 23:33:13.139] [exthost] [info] ExtensionService#_doActivateExtension vscode.extension-editing {"startup":false,"activationEvent":"onLanguage:markdown"}
[2019-03-06 23:33:13.139] [exthost] [info] ExtensionService#loadCommonJSModule /usr/share/code/resources/app/extensions/extension-editing/dist/extension
[2019-03-06 23:33:13.263] [exthost] [info] ExtensionService#_doActivateExtension vscode.markdown-language-features {"startup":false,"activationEvent":"onLanguage:markdown"}
[2019-03-06 23:33:13.263] [exthost] [info] ExtensionService#loadCommonJSModule /usr/share/code/resources/app/extensions/markdown-language-features/dist/extension
[2019-03-06 23:33:13.361] [exthost] [info] ExtensionService#_doActivateExtension DavidAnson.vscode-markdownlint {"startup":false,"activationEvent":"onLanguage:markdown"}
[2019-03-06 23:33:13.361] [exthost] [info] ExtensionService#loadCommonJSModule /root/.vscode/extensions/davidanson.vscode-markdownlint-0.25.0/extension
[2019-03-06 23:33:13.379] [exthost] [info] ExtensionService#_doActivateExtension yzane.markdown-pdf {"startup":false,"activationEvent":"onLanguage:markdown"}
[2019-03-06 23:33:13.379] [exthost] [info] ExtensionService#loadCommonJSModule /root/.vscode/extensions/yzane.markdown-pdf-1.2.0/extension
[2019-03-06 23:33:13.447] [exthost] [info] ExtensionService#_doActivateExtension yzhang.markdown-all-in-one {"startup":false,"activationEvent":"onLanguage:markdown"}
[2019-03-06 23:33:13.447] [exthost] [info] ExtensionService#loadCommonJSModule /root/.vscode/extensions/yzhang.markdown-all-in-one-2.1.1/out/src/extension
[2019-03-06 23:33:16.087] [exthost] [info] eager extensions activated
[2019-03-06 23:33:53.704] [exthost] [info] ExtensionService#_doActivateExtension shd101wyy.markdown-preview-enhanced {"startup":false,"activationEvent":"onLanguage:markdown"}
[2019-03-06 23:33:53.704] [exthost] [info] ExtensionService#loadCommonJSModule /root/.vscode/extensions/shd101wyy.markdown-preview-enhanced-0.3.11/out/src/extension
[2019-03-06 23:34:29.596] [exthost] [info] ExtensionService#_doActivateExtension ms-python.python {"startup":false,"activationEvent":"onLanguage:jupyter"}
[2019-03-06 23:34:29.596] [exthost] [info] ExtensionService#loadCommonJSModule /root/.vscode/extensions/ms-python.python-2019.2.5433/out/client/extension
[2019-03-06 23:35:34.239] [exthost] [info] ExtensionService#_doActivateExtension vscode.python {"startup":false,"activationEvent":"onLanguage:python"}
[2019-03-06 23:35:34.239] [exthost] [info] ExtensionService#loadCommonJSModule /usr/share/code/resources/app/extensions/python/out/pythonMain
[2019-03-06 23:35:34.269] [exthost] [info] ExtensionService#_doActivateExtension VisualStudioExptTeam.vscodeintellicode {"startup":false,"activationEvent":"onLanguage:python"}
[2019-03-06 23:35:34.270] [exthost] [info] ExtensionService#loadCommonJSModule /root/.vscode/extensions/visualstudioexptteam.vscodeintellicode-1.1.3/out/extension
[2019-03-06 23:35:42.365] [exthost] [info] ExtensionService#_doActivateExtension vscode.configuration-editing {"startup":false,"activationEvent":"onLanguage:jsonc"}
[2019-03-06 23:35:42.365] [exthost] [info] ExtensionService#loadCommonJSModule /usr/share/code/resources/app/extensions/configuration-editing/dist/extension
[2019-03-06 23:35:42.459] [exthost] [info] ExtensionService#_doActivateExtension vscode.json-language-features {"startup":false,"activationEvent":"onLanguage:jsonc"}
[2019-03-06 23:35:42.459] [exthost] [info] ExtensionService#loadCommonJSModule /usr/share/code/resources/app/extensions/json-language-features/client/dist/jsonMain
[2019-03-06 23:35:42.626] [exthost] [info] ExtensionService#_doActivateExtension vscode.typescript-language-features {"startup":false,"activationEvent":"onLanguage:jsonc"}
[2019-03-06 23:35:42.626] [exthost] [info] ExtensionService#loadCommonJSModule /usr/share/code/resources/app/extensions/typescript-language-features/dist/extension
[2019-03-06 23:35:44.896] [exthost] [info] extension host started
[2019-03-06 23:35:45.002] [exthost] [info] ExtensionService#_doActivateExtension vscode.debug-auto-launch {"startup":true,"activationEvent":"*"}
[2019-03-06 23:35:45.002] [exthost] [info] ExtensionService#loadCommonJSModule /usr/share/code/resources/app/extensions/debug-auto-launch/dist/extension
[2019-03-06 23:35:45.005] [exthost] [info] ExtensionService#_doActivateExtension vscode.emmet {"startup":true,"activationEvent":"*"}
[2019-03-06 23:35:45.005] [exthost] [info] ExtensionService#loadCommonJSModule /usr/share/code/resources/app/extensions/emmet/dist/extension
[2019-03-06 23:35:45.022] [exthost] [info] ExtensionService#_doActivateExtension vscode.git {"startup":true,"activationEvent":"*"}
[2019-03-06 23:35:45.022] [exthost] [info] ExtensionService#loadCommonJSModule /usr/share/code/resources/app/extensions/git/dist/main
[2019-03-06 23:35:45.114] [exthost] [info] ExtensionService#_doActivateExtension vscode.merge-conflict {"startup":true,"activationEvent":"*"}
[2019-03-06 23:35:45.115] [exthost] [info] ExtensionService#loadCommonJSModule /usr/share/code/resources/app/extensions/merge-conflict/dist/extension
[2019-03-06 23:35:45.120] [exthost] [info] ExtensionService#_doActivateExtension dbaeumer.vscode-eslint {"startup":true,"activationEvent":"*"}
[2019-03-06 23:35:45.120] [exthost] [info] ExtensionService#loadCommonJSModule /root/.vscode/extensions/dbaeumer.vscode-eslint-1.8.1/client/out/extension
[2019-03-06 23:35:45.155] [exthost] [info] ExtensionService#_doActivateExtension eamodio.gitlens {"startup":true,"activationEvent":"*"}
[2019-03-06 23:35:45.155] [exthost] [info] ExtensionService#loadCommonJSModule /root/.vscode/extensions/eamodio.gitlens-9.5.1/dist/extension
[2019-03-06 23:35:45.262] [exthost] [info] ExtensionService#_doActivateExtension HookyQR.beautify {"startup":true,"activationEvent":"*"}
[2019-03-06 23:35:45.262] [exthost] [info] ExtensionService#loadCommonJSModule /root/.vscode/extensions/hookyqr.beautify-1.4.9/extension
[2019-03-06 23:35:45.305] [exthost] [info] ExtensionService#_doActivateExtension PKief.material-icon-theme {"startup":true,"activationEvent":"*"}
[2019-03-06 23:35:45.305] [exthost] [info] ExtensionService#loadCommonJSModule /root/.vscode/extensions/pkief.material-icon-theme-3.6.3/out/src/extension
[2019-03-06 23:35:45.337] [exthost] [info] ExtensionService#_doActivateExtension vscode.python {"startup":false,"activationEvent":"onLanguage:python"}
[2019-03-06 23:35:45.337] [exthost] [info] ExtensionService#loadCommonJSModule /usr/share/code/resources/app/extensions/python/out/pythonMain
[2019-03-06 23:35:45.337] [exthost] [info] ExtensionService#_doActivateExtension ms-python.python {"startup":false,"activationEvent":"onLanguage:python"}
[2019-03-06 23:35:45.337] [exthost] [info] ExtensionService#loadCommonJSModule /root/.vscode/extensions/ms-python.python-2019.2.5433/out/client/extension
[2019-03-06 23:35:45.766] [exthost] [info] ExtensionService#_doActivateExtension VisualStudioExptTeam.vscodeintellicode {"startup":false,"activationEvent":"onLanguage:python"}
[2019-03-06 23:35:45.766] [exthost] [info] ExtensionService#loadCommonJSModule /root/.vscode/extensions/visualstudioexptteam.vscodeintellicode-1.1.3/out/extension
[2019-03-06 23:35:45.954] [exthost] [info] ExtensionService#_doActivateExtension yzhang.markdown-all-in-one {"startup":true,"activationEvent":"workspaceContains:README.md"}
[2019-03-06 23:35:45.954] [exthost] [info] ExtensionService#loadCommonJSModule /root/.vscode/extensions/yzhang.markdown-all-in-one-2.1.1/out/src/extension
[2019-03-06 23:35:46.291] [exthost] [info] eager extensions activated
[2019-03-06 23:37:34.343] [exthost] [info] ExtensionService#_doActivateExtension vscode.extension-editing {"startup":false,"activationEvent":"onLanguage:markdown"}
[2019-03-06 23:37:34.343] [exthost] [info] ExtensionService#loadCommonJSModule /usr/share/code/resources/app/extensions/extension-editing/dist/extension
[2019-03-06 23:37:34.486] [exthost] [info] ExtensionService#_doActivateExtension vscode.markdown-language-features {"startup":false,"activationEvent":"onLanguage:markdown"}
[2019-03-06 23:37:34.486] [exthost] [info] ExtensionService#loadCommonJSModule /usr/share/code/resources/app/extensions/markdown-language-features/dist/extension
[2019-03-06 23:37:34.798] [exthost] [info] ExtensionService#_doActivateExtension DavidAnson.vscode-markdownlint {"startup":false,"activationEvent":"onLanguage:markdown"}
[2019-03-06 23:37:34.799] [exthost] [info] ExtensionService#loadCommonJSModule /root/.vscode/extensions/davidanson.vscode-markdownlint-0.25.0/extension
[2019-03-06 23:37:34.809] [exthost] [info] ExtensionService#_doActivateExtension shd101wyy.markdown-preview-enhanced {"startup":false,"activationEvent":"onLanguage:markdown"}
[2019-03-06 23:37:34.809] [exthost] [info] ExtensionService#loadCommonJSModule /root/.vscode/extensions/shd101wyy.markdown-preview-enhanced-0.3.11/out/src/extension
[2019-03-06 23:37:49.284] [exthost] [info] ExtensionService#_doActivateExtension yzane.markdown-pdf {"startup":false,"activationEvent":"onLanguage:markdown"}
[2019-03-06 23:37:49.284] [exthost] [info] ExtensionService#loadCommonJSModule /root/.vscode/extensions/yzane.markdown-pdf-1.2.0/extension
